<?xml version="1.0" encoding="UTF-8"?>
<test>
   <file name="finsme.xml">
      <entries>
         <counter total="13208"/>
         <twins>
            <lemma>tikku</lemma>
            <lemma>kita</lemma>
            <lemma>narttu</lemma>
            <lemma>aika</lemma>
            <lemma>aina</lemma>
            <lemma>aito</lemma>
            <lemma>aivot</lemma>
            <lemma>ajaa</lemma>
            <lemma>ajatella</lemma>
            <lemma>ajo</lemma>
            <lemma>alkaa</lemma>
            <lemma>alku</lemma>
            <lemma>allekirjoittaa</lemma>
            <lemma>aloittaa</lemma>
            <lemma>ammatti</lemma>
            <lemma>ampua</lemma>
            <lemma>ansio</lemma>
            <lemma>antaa</lemma>
            <lemma>arabi</lemma>
            <lemma>arka</lemma>
            <lemma>arpoa</lemma>
            <lemma>arvella</lemma>
            <lemma>arvio</lemma>
            <lemma>arvo</lemma>
            <lemma>arvostella</lemma>
            <lemma>ase</lemma>
            <lemma>aseistaa</lemma>
            <lemma>asua</lemma>
            <lemma>asukas</lemma>
            <lemma>aurinko</lemma>
            <lemma>auttaa</lemma>
            <lemma>avata</lemma>
            <lemma>edistää</lemma>
            <lemma>edustaa</lemma>
            <lemma>edustus</lemma>
            <lemma>ei</lemma>
            <lemma>elin</lemma>
            <lemma>elo</lemma>
            <lemma>elokuva</lemma>
            <lemma>elämä</lemma>
            <lemma>elää</lemma>
            <lemma>englanti</lemma>
            <lemma>ennustaa</lemma>
            <lemma>epäillä</lemma>
            <lemma>erota</lemma>
            <lemma>erottaa</lemma>
            <lemma>esittää</lemma>
            <lemma>estää</lemma>
            <lemma>etsiä</lemma>
            <lemma>etu</lemma>
            <lemma>haastaa</lemma>
            <lemma>haitata</lemma>
            <lemma>hajottaa</lemma>
            <lemma>halkoa</lemma>
            <lemma>hallita</lemma>
            <lemma>hallitus</lemma>
            <lemma>halpa</lemma>
            <lemma>haluta</lemma>
            <lemma>halventaa</lemma>
            <lemma>hankkia</lemma>
            <lemma>harmaa</lemma>
            <lemma>heikentyä</lemma>
            <lemma>heikko</lemma>
            <lemma>heinä</lemma>
            <lemma>heittää</lemma>
            <lemma>helppo</lemma>
            <lemma>henki</lemma>
            <lemma>henkilö</lemma>
            <lemma>herättää</lemma>
            <lemma>herätä</lemma>
            <lemma>hiili</lemma>
            <lemma>hoitaa</lemma>
            <lemma>houkutella</lemma>
            <lemma>huoli</lemma>
            <lemma>huomata</lemma>
            <lemma>hylätä</lemma>
            <lemma>hyvä</lemma>
            <lemma>hyväksyä</lemma>
            <lemma>hyödyntää</lemma>
            <lemma>hyökätä</lemma>
            <lemma>hyötyä</lemma>
            <lemma>häiritä</lemma>
            <lemma>hävitä</lemma>
            <lemma>ihminen</lemma>
            <lemma>ilma</lemma>
            <lemma>ilmestyä</lemma>
            <lemma>innostua</lemma>
            <lemma>irrota</lemma>
            <lemma>iso</lemma>
            <lemma>istua</lemma>
            <lemma>itä</lemma>
            <lemma>jakaa</lemma>
            <lemma>jatkaa</lemma>
            <lemma>jatko</lemma>
            <lemma>jatkua</lemma>
            <lemma>johtaa</lemma>
            <lemma>joki</lemma>
            <lemma>joutua</lemma>
            <lemma>juhla</lemma>
            <lemma>juoda</lemma>
            <lemma>juosta</lemma>
            <lemma>juuri</lemma>
            <lemma>jälki</lemma>
            <lemma>järjestää</lemma>
            <lemma>jättää</lemma>
            <lemma>jää</lemma>
            <lemma>jäädä</lemma>
            <lemma>kaataa</lemma>
            <lemma>kaatua</lemma>
            <lemma>kadota</lemma>
            <lemma>kallio</lemma>
            <lemma>kannella</lemma>
            <lemma>kansa</lemma>
            <lemma>kantaa</lemma>
            <lemma>karata</lemma>
            <lemma>kasvaa</lemma>
            <lemma>kasvattaa</lemma>
            <lemma>katala</lemma>
            <lemma>katsoa</lemma>
            <lemma>kauppa</lemma>
            <lemma>kaupunki</lemma>
            <lemma>kehittyä</lemma>
            <lemma>kehittää</lemma>
            <lemma>keisari</lemma>
            <lemma>keksi</lemma>
            <lemma>kertoa</lemma>
            <lemma>kerätä</lemma>
            <lemma>keskus</lemma>
            <lemma>kestää</lemma>
            <lemma>kesä</lemma>
            <lemma>kevyt</lemma>
            <lemma>kiehua</lemma>
            <lemma>kieli</lemma>
            <lemma>kielletty</lemma>
            <lemma>kieltää</lemma>
            <lemma>kiertää</lemma>
            <lemma>kihlata</lemma>
            <lemma>kilo</lemma>
            <lemma>kilpailla</lemma>
            <lemma>kirja</lemma>
            <lemma>kirjoa</lemma>
            <lemma>kirjoittaa</lemma>
            <lemma>kirkko</lemma>
            <lemma>kiskoa</lemma>
            <lemma>kivi</lemma>
            <lemma>kivinen</lemma>
            <lemma>kohdata</lemma>
            <lemma>kohota</lemma>
            <lemma>kokea</lemma>
            <lemma>koko</lemma>
            <lemma>kokoontua</lemma>
            <lemma>koristella</lemma>
            <lemma>korjata</lemma>
            <lemma>korkea</lemma>
            <lemma>koskea</lemma>
            <lemma>koskettaa</lemma>
            <lemma>koti</lemma>
            <lemma>kotka</lemma>
            <lemma>koulu</lemma>
            <lemma>kouluttaa</lemma>
            <lemma>kuiva</lemma>
            <lemma>kuivata</lemma>
            <lemma>kuivua</lemma>
            <lemma>kukka</lemma>
            <lemma>kuljettaa</lemma>
            <lemma>kulta</lemma>
            <lemma>kulua</lemma>
            <lemma>kuluttaa</lemma>
            <lemma>kuningas</lemma>
            <lemma>kunnioittaa</lemma>
            <lemma>kuolla</lemma>
            <lemma>kutoa</lemma>
            <lemma>kutsua</lemma>
            <lemma>kuu</lemma>
            <lemma>kuulla</lemma>
            <lemma>kuulua</lemma>
            <lemma>kuuro</lemma>
            <lemma>kuvata</lemma>
            <lemma>kyetä</lemma>
            <lemma>kyllästyä</lemma>
            <lemma>kärsiä</lemma>
            <lemma>käsi</lemma>
            <lemma>käsitellä</lemma>
            <lemma>käydä</lemma>
            <lemma>käyttäytyä</lemma>
            <lemma>käyttää</lemma>
            <lemma>käyttö</lemma>
            <lemma>kääntyä</lemma>
            <lemma>kääntää</lemma>
            <lemma>laaja</lemma>
            <lemma>laajentaa</lemma>
            <lemma>laatia</lemma>
            <lemma>ladata</lemma>
            <lemma>lahti</lemma>
            <lemma>laittaa</lemma>
            <lemma>laki</lemma>
            <lemma>lapsi</lemma>
            <lemma>laskea</lemma>
            <lemma>laskeutua</lemma>
            <lemma>laulaa</lemma>
            <lemma>lausua</lemma>
            <lemma>lehti</lemma>
            <lemma>leikata</lemma>
            <lemma>lentää</lemma>
            <lemma>levittää</lemma>
            <lemma>levitä</lemma>
            <lemma>levy</lemma>
            <lemma>liike</lemma>
            <lemma>liikkua</lemma>
            <lemma>liioitella</lemma>
            <lemma>liittyä</lemma>
            <lemma>liittää</lemma>
            <lemma>lisä</lemma>
            <lemma>lisätä</lemma>
            <lemma>lisääntyä</lemma>
            <lemma>lohi</lemma>
            <lemma>lopettaa</lemma>
            <lemma>loppu</lemma>
            <lemma>loppua</lemma>
            <lemma>loukkaantua</lemma>
            <lemma>luettaa</lemma>
            <lemma>lukea</lemma>
            <lemma>luku</lemma>
            <lemma>luo</lemma>
            <lemma>luonto</lemma>
            <lemma>luopua</lemma>
            <lemma>luulla</lemma>
            <lemma>lähde</lemma>
            <lemma>lähestyä</lemma>
            <lemma>lähettää</lemma>
            <lemma>lähteä</lemma>
            <lemma>lähtö</lemma>
            <lemma>lämmetä</lemma>
            <lemma>lämmin</lemma>
            <lemma>lämmittää</lemma>
            <lemma>länsi</lemma>
            <lemma>lääke</lemma>
            <lemma>löytää</lemma>
            <lemma>maa</lemma>
            <lemma>maailma</lemma>
            <lemma>maalata</lemma>
            <lemma>mainita</lemma>
            <lemma>maistaa</lemma>
            <lemma>maksa</lemma>
            <lemma>maksaa</lemma>
            <lemma>manner</lemma>
            <lemma>markkina</lemma>
            <lemma>matkustaa</lemma>
            <lemma>mennä</lemma>
            <lemma>meri</lemma>
            <lemma>merkitä</lemma>
            <lemma>mieliä</lemma>
            <lemma>miettiä</lemma>
            <lemma>milloin</lemma>
            <lemma>minne</lemma>
            <lemma>mistä</lemma>
            <lemma>mitata</lemma>
            <lemma>mitta</lemma>
            <lemma>moottori</lemma>
            <lemma>muistaa</lemma>
            <lemma>musiikki</lemma>
            <lemma>musta</lemma>
            <lemma>mutta</lemma>
            <lemma>muuttaa</lemma>
            <lemma>muuttua</lemma>
            <lemma>myydä</lemma>
            <lemma>myöntää</lemma>
            <lemma>määritellä</lemma>
            <lemma>määrä</lemma>
            <lemma>määrätä</lemma>
            <lemma>naapuri</lemma>
            <lemma>neuvoa</lemma>
            <lemma>neuvosto</lemma>
            <lemma>neuvotella</lemma>
            <lemma>niemi</lemma>
            <lemma>nimi</lemma>
            <lemma>nimittää</lemma>
            <lemma>noki</lemma>
            <lemma>nopea</lemma>
            <lemma>nostaa</lemma>
            <lemma>nousta</lemma>
            <lemma>nukkua</lemma>
            <lemma>numeroida</lemma>
            <lemma>nykyinen</lemma>
            <lemma>nähdä</lemma>
            <lemma>näkyä</lemma>
            <lemma>näytellä</lemma>
            <lemma>näyttää</lemma>
            <lemma>odottaa</lemma>
            <lemma>ohjata</lemma>
            <lemma>oikea</lemma>
            <lemma>oikeus</lemma>
            <lemma>olettaa</lemma>
            <lemma>olla</lemma>
            <lemma>omistaa</lemma>
            <lemma>onnistua</lemma>
            <lemma>oppi</lemma>
            <lemma>oppia</lemma>
            <lemma>osa</lemma>
            <lemma>osake</lemma>
            <lemma>osallistua</lemma>
            <lemma>osata</lemma>
            <lemma>osoittaa</lemma>
            <lemma>ostaa</lemma>
            <lemma>osua</lemma>
            <lemma>ottaa</lemma>
            <lemma>paha</lemma>
            <lemma>painaa</lemma>
            <lemma>paino</lemma>
            <lemma>pala</lemma>
            <lemma>palaa</lemma>
            <lemma>palata</lemma>
            <lemma>palauttaa</lemma>
            <lemma>pallo</lemma>
            <lemma>palo</lemma>
            <lemma>palvella</lemma>
            <lemma>parantaa</lemma>
            <lemma>parantua</lemma>
            <lemma>pari</lemma>
            <lemma>peittää</lemma>
            <lemma>pelastaa</lemma>
            <lemma>periä</lemma>
            <lemma>perustaa</lemma>
            <lemma>perustaja</lemma>
            <lemma>perustella</lemma>
            <lemma>pettyä</lemma>
            <lemma>pidättää</lemma>
            <lemma>pieni</lemma>
            <lemma>piiri</lemma>
            <lemma>piirtää</lemma>
            <lemma>pitkä</lemma>
            <lemma>pitkäaikainen</lemma>
            <lemma>pitää</lemma>
            <lemma>pohja</lemma>
            <lemma>pohjoinen</lemma>
            <lemma>poika</lemma>
            <lemma>poiketa</lemma>
            <lemma>polttaa</lemma>
            <lemma>pommi</lemma>
            <lemma>presidentti</lemma>
            <lemma>pudota</lemma>
            <lemma>puhdistaa</lemma>
            <lemma>puhe</lemma>
            <lemma>puhua</lemma>
            <lemma>puhuttaa</lemma>
            <lemma>puida</lemma>
            <lemma>pukeutua</lemma>
            <lemma>puoli</lemma>
            <lemma>puoliväli</lemma>
            <lemma>puolustaa</lemma>
            <lemma>puu</lemma>
            <lemma>puuttua</lemma>
            <lemma>pystyä</lemma>
            <lemma>pysähtyä</lemma>
            <lemma>pyöriä</lemma>
            <lemma>päivä</lemma>
            <lemma>pää</lemma>
            <lemma>pääkaupunki</lemma>
            <lemma>päättää</lemma>
            <lemma>raamattu</lemma>
            <lemma>radio</lemma>
            <lemma>rahoittaa</lemma>
            <lemma>raivostua</lemma>
            <lemma>rajoittaa</lemma>
            <lemma>rakastaa</lemma>
            <lemma>rakastua</lemma>
            <lemma>rakennus</lemma>
            <lemma>rakentaa</lemma>
            <lemma>rangaista</lemma>
            <lemma>raskas</lemma>
            <lemma>ratkaista</lemma>
            <lemma>rauha</lemma>
            <lemma>rauhoittaa</lemma>
            <lemma>rauta</lemma>
            <lemma>rekisteröidä</lemma>
            <lemma>retki</lemma>
            <lemma>riippua</lemma>
            <lemma>riittää</lemma>
            <lemma>rikkoa</lemma>
            <lemma>rinta</lemma>
            <lemma>risti</lemma>
            <lemma>ruoka</lemma>
            <lemma>ruokki</lemma>
            <lemma>saada</lemma>
            <lemma>saapua</lemma>
            <lemma>saattaa</lemma>
            <lemma>saavuttaa</lemma>
            <lemma>sade</lemma>
            <lemma>sallia</lemma>
            <lemma>sanoa</lemma>
            <lemma>sattua</lemma>
            <lemma>seinä</lemma>
            <lemma>seisoa</lemma>
            <lemma>selittää</lemma>
            <lemma>selvitä</lemma>
            <lemma>seurata</lemma>
            <lemma>seutu</lemma>
            <lemma>siirto</lemma>
            <lemma>siirtää</lemma>
            <lemma>sitoutua</lemma>
            <lemma>sitten</lemma>
            <lemma>soida</lemma>
            <lemma>soittaa</lemma>
            <lemma>solmia</lemma>
            <lemma>sopeutua</lemma>
            <lemma>sopia</lemma>
            <lemma>sota</lemma>
            <lemma>sotilas</lemma>
            <lemma>sula</lemma>
            <lemma>sulkea</lemma>
            <lemma>suo</lemma>
            <lemma>suojella</lemma>
            <lemma>suosia</lemma>
            <lemma>suositella</lemma>
            <lemma>suosittu</lemma>
            <lemma>suu</lemma>
            <lemma>suunnata</lemma>
            <lemma>suunnitella</lemma>
            <lemma>suuri</lemma>
            <lemma>synnyttää</lemma>
            <lemma>syntyä</lemma>
            <lemma>syttyä</lemma>
            <lemma>sytyttää</lemma>
            <lemma>syvä</lemma>
            <lemma>syyttää</lemma>
            <lemma>sähkö</lemma>
            <lemma>säilyttää</lemma>
            <lemma>säteillä</lemma>
            <lemma>säästää</lemma>
            <lemma>säätää</lemma>
            <lemma>taide</lemma>
            <lemma>talous</lemma>
            <lemma>talvi</lemma>
            <lemma>tapa</lemma>
            <lemma>tappaa</lemma>
            <lemma>tarkka</lemma>
            <lemma>tarkoittaa</lemma>
            <lemma>tarttua</lemma>
            <lemma>tausta</lemma>
            <lemma>tavata</lemma>
            <lemma>tehdä</lemma>
            <lemma>teho</lemma>
            <lemma>televisio</lemma>
            <lemma>tiede</lemma>
            <lemma>tietty</lemma>
            <lemma>tietää</lemma>
            <lemma>tila</lemma>
            <lemma>tilata</lemma>
            <lemma>toimia</lemma>
            <lemma>toimittaa</lemma>
            <lemma>toimitus</lemma>
            <lemma>toinen</lemma>
            <lemma>toivo</lemma>
            <lemma>toivoa</lemma>
            <lemma>torjua</lemma>
            <lemma>tosi</lemma>
            <lemma>toteuttaa</lemma>
            <lemma>tottua</lemma>
            <lemma>tukea</lemma>
            <lemma>tuki</lemma>
            <lemma>tuli</lemma>
            <lemma>tunnustaa</lemma>
            <lemma>tuntea</lemma>
            <lemma>tuntua</lemma>
            <lemma>tuoda</lemma>
            <lemma>tuomio</lemma>
            <lemma>tuomita</lemma>
            <lemma>tuotanto</lemma>
            <lemma>tuottaa</lemma>
            <lemma>turha</lemma>
            <lemma>turva</lemma>
            <lemma>turvottaa</lemma>
            <lemma>tutkia</lemma>
            <lemma>tuttu</lemma>
            <lemma>tutustua</lemma>
            <lemma>tyydyttää</lemma>
            <lemma>tyytyä</lemma>
            <lemma>työ</lemma>
            <lemma>työntyä</lemma>
            <lemma>työskennellä</lemma>
            <lemma>tähti</lemma>
            <lemma>täydentää</lemma>
            <lemma>täysi</lemma>
            <lemma>täyttää</lemma>
            <lemma>törmätä</lemma>
            <lemma>uhata</lemma>
            <lemma>uhka</lemma>
            <lemma>uskoa</lemma>
            <lemma>uudistaa</lemma>
            <lemma>uusi</lemma>
            <lemma>vaalea</lemma>
            <lemma>vaali</lemma>
            <lemma>vaatia</lemma>
            <lemma>vaeltaa</lemma>
            <lemma>vahvistaa</lemma>
            <lemma>vaihdella</lemma>
            <lemma>vaihtaa</lemma>
            <lemma>vaikea</lemma>
            <lemma>vaikuttaa</lemma>
            <lemma>vala</lemma>
            <lemma>valita</lemma>
            <lemma>valittaa</lemma>
            <lemma>valmistaa</lemma>
            <lemma>valmistua</lemma>
            <lemma>valtio</lemma>
            <lemma>valvoa</lemma>
            <lemma>vanha</lemma>
            <lemma>vapa</lemma>
            <lemma>vapaa</lemma>
            <lemma>varastoida</lemma>
            <lemma>varma</lemma>
            <lemma>varoa</lemma>
            <lemma>vasen</lemma>
            <lemma>vastustaa</lemma>
            <lemma>venäläinen</lemma>
            <lemma>vetää</lemma>
            <lemma>viedä</lemma>
            <lemma>viilettää</lemma>
            <lemma>viimeinen</lemma>
            <lemma>voi</lemma>
            <lemma>voida</lemma>
            <lemma>voima</lemma>
            <lemma>voittaa</lemma>
            <lemma>vuolla</lemma>
            <lemma>vuoro</lemma>
            <lemma>vuosi</lemma>
            <lemma>vähentyä</lemma>
            <lemma>vähentää</lemma>
            <lemma>väittää</lemma>
            <lemma>väli</lemma>
            <lemma>välttää</lemma>
            <lemma>ydin</lemma>
            <lemma>yhdistää</lemma>
            <lemma>yleinen</lemma>
            <lemma>ylioppilas</lemma>
            <lemma>ylistää</lemma>
            <lemma>ylittää</lemma>
            <lemma>yllättää</lemma>
            <lemma>ymmärtää</lemma>
            <lemma>yrittää</lemma>
            <lemma>ääntää</lemma>
         </twins>
      </entries>
   </file>
</test>